module.js:328
    throw err;
    ^

Error: Cannot find module '/home/ubuntu/sl_new/server/npm'
    at Function.Module._resolveFilename (module.js:326:15)
    at Function.Module._load (module.js:277:25)
    at Function.Module.runMain (module.js:442:10)
    at startup (node.js:136:18)
    at node.js:966:3
module.js:328
    throw err;
    ^

Error: Cannot find module '/home/ubuntu/sl_new/server/npm'
    at Function.Module._resolveFilename (module.js:326:15)
    at Function.Module._load (module.js:277:25)
    at Function.Module.runMain (module.js:442:10)
    at startup (node.js:136:18)
    at node.js:966:3
module.js:328
    throw err;
    ^

Error: Cannot find module '/home/ubuntu/sl_new/server/npm'
    at Function.Module._resolveFilename (module.js:326:15)
    at Function.Module._load (module.js:277:25)
    at Function.Module.runMain (module.js:442:10)
    at startup (node.js:136:18)
    at node.js:966:3

> server@1.0.0 start /home/ubuntu/sl_new/server
> node app.js

Connected, 9000 port!
mongodb connected
50
69
71
134
68
68

> server@1.0.0 start /home/ubuntu/sl_new/server
> node app.js

Connected, 9000 port!
mongodb connected
{ image_path: '1.jpg',
  _id: 589b4eafd241f50af75574d6,
  date: Wed Feb 08 2017 17:00:31 GMT+0000 (UTC),
  gender: 0,
  dislike: 0,
  like: 1,
  explanation: 'Cheer Up!1',
  username: 'admin' }
Mongoose: mpromise (mongoose's default promise library) is deprecated, plug in your own promise library instead: http://mongoosejs.com/docs/promises.html
{ image_path: '2.jpg',
  _id: 589b4eafd241f50af75574d7,
  date: Wed Feb 08 2017 17:00:31 GMT+0000 (UTC),
  gender: 0,
  dislike: 0,
  like: 2,
  explanation: 'Cheer Up!2',
  username: 'admin' }
{ image_path: '3.jpg',
  _id: 589b4eafd241f50af75574d8,
  date: Wed Feb 08 2017 17:00:31 GMT+0000 (UTC),
  gender: 0,
  dislike: 0,
  like: 3,
  explanation: 'Cheer Up!3',
  username: 'admin' }
{ image_path: '4.jpg',
  _id: 589b4eafd241f50af75574d9,
  date: Wed Feb 08 2017 17:00:31 GMT+0000 (UTC),
  gender: 0,
  dislike: 0,
  like: 4,
  explanation: 'Cheer Up!4',
  username: 'admin' }
{ image_path: '5.jpg',
  _id: 589b4eafd241f50af75574da,
  date: Wed Feb 08 2017 17:00:31 GMT+0000 (UTC),
  gender: 0,
  dislike: 0,
  like: 5,
  explanation: 'Cheer Up!5',
  username: 'admin' }
{ image_path: '6.jpg',
  _id: 589b4eafd241f50af75574db,
  date: Wed Feb 08 2017 17:00:31 GMT+0000 (UTC),
  gender: 0,
  dislike: 0,
  like: 6,
  explanation: 'Cheer Up!6',
  username: 'admin' }
{ image_path: '7.jpg',
  _id: 589b4eafd241f50af75574dc,
  date: Wed Feb 08 2017 17:00:31 GMT+0000 (UTC),
  gender: 0,
  dislike: 0,
  like: 7,
  explanation: 'Cheer Up!7',
  username: 'admin' }
{ image_path: '8.jpg',
  _id: 589b4eafd241f50af75574dd,
  date: Wed Feb 08 2017 17:00:31 GMT+0000 (UTC),
  gender: 0,
  dislike: 0,
  like: 8,
  explanation: 'Cheer Up!8',
  username: 'admin' }
{ image_path: '9.jpg',
  _id: 589b4eafd241f50af75574de,
  date: Wed Feb 08 2017 17:00:31 GMT+0000 (UTC),
  gender: 0,
  dislike: 0,
  like: 9,
  explanation: 'Cheer Up!9',
  username: 'admin' }
{ image_path: '10.jpg',
  _id: 589b4eafd241f50af75574df,
  date: Wed Feb 08 2017 17:00:31 GMT+0000 (UTC),
  gender: 0,
  dislike: 0,
  like: 10,
  explanation: 'Cheer Up!10',
  username: 'admin' }
{ image_path: '11.jpg',
  _id: 589b4eafd241f50af75574e0,
  date: Wed Feb 08 2017 17:00:31 GMT+0000 (UTC),
  gender: 0,
  dislike: 0,
  like: 11,
  explanation: 'Cheer Up!11',
  username: 'admin' }
{ image_path: '12.jpg',
  _id: 589b4eafd241f50af75574e1,
  date: Wed Feb 08 2017 17:00:31 GMT+0000 (UTC),
  gender: 0,
  dislike: 0,
  like: 12,
  explanation: 'Cheer Up!12',
  username: 'admin' }
{ image_path: '13.jpg',
  _id: 589b4eafd241f50af75574e2,
  date: Wed Feb 08 2017 17:00:31 GMT+0000 (UTC),
  gender: 0,
  dislike: 0,
  like: 13,
  explanation: 'Cheer Up!13',
  username: 'admin' }
{ image_path: '14.jpg',
  _id: 589b4eafd241f50af75574e3,
  date: Wed Feb 08 2017 17:00:31 GMT+0000 (UTC),
  gender: 0,
  dislike: 0,
  like: 14,
  explanation: 'Cheer Up!14',
  username: 'admin' }
{ image_path: '15.jpg',
  _id: 589b4eafd241f50af75574e4,
  date: Wed Feb 08 2017 17:00:31 GMT+0000 (UTC),
  gender: 0,
  dislike: 0,
  like: 15,
  explanation: 'Cheer Up!15',
  username: 'admin' }
{ image_path: '16.jpg',
  _id: 589b4eafd241f50af75574e5,
  date: Wed Feb 08 2017 17:00:31 GMT+0000 (UTC),
  gender: 0,
  dislike: 0,
  like: 16,
  explanation: 'Cheer Up!16',
  username: 'admin' }
{ image_path: '17.jpg',
  _id: 589b4eafd241f50af75574e6,
  date: Wed Feb 08 2017 17:00:31 GMT+0000 (UTC),
  gender: 0,
  dislike: 0,
  like: 17,
  explanation: 'Cheer Up!17',
  username: 'admin' }
{ image_path: '18.jpg',
  _id: 589b4eafd241f50af75574e7,
  date: Wed Feb 08 2017 17:00:31 GMT+0000 (UTC),
  gender: 0,
  dislike: 0,
  like: 18,
  explanation: 'Cheer Up!18',
  username: 'admin' }
{ image_path: '19.jpg',
  _id: 589b4eafd241f50af75574e8,
  date: Wed Feb 08 2017 17:00:31 GMT+0000 (UTC),
  gender: 0,
  dislike: 0,
  like: 19,
  explanation: 'Cheer Up!19',
  username: 'admin' }
{ image_path: '20.jpg',
  _id: 589b4eafd241f50af75574e9,
  date: Wed Feb 08 2017 17:00:31 GMT+0000 (UTC),
  gender: 0,
  dislike: 0,
  like: 20,
  explanation: 'Cheer Up!20',
  username: 'admin' }
{ image_path: '21.jpg',
  _id: 589b4eafd241f50af75574ea,
  date: Wed Feb 08 2017 17:00:31 GMT+0000 (UTC),
  gender: 0,
  dislike: 0,
  like: 21,
  explanation: 'Cheer Up!21',
  username: 'admin' }
{ image_path: '22.jpg',
  _id: 589b4eafd241f50af75574eb,
  date: Wed Feb 08 2017 17:00:31 GMT+0000 (UTC),
  gender: 0,
  dislike: 0,
  like: 22,
  explanation: 'Cheer Up!22',
  username: 'admin' }
{ image_path: '23.jpg',
  _id: 589b4eafd241f50af75574ec,
  date: Wed Feb 08 2017 17:00:31 GMT+0000 (UTC),
  gender: 0,
  dislike: 0,
  like: 23,
  explanation: 'Cheer Up!23',
  username: 'admin' }
{ image_path: '24.jpg',
  _id: 589b4eafd241f50af75574ed,
  date: Wed Feb 08 2017 17:00:31 GMT+0000 (UTC),
  gender: 0,
  dislike: 0,
  like: 24,
  explanation: 'Cheer Up!24',
  username: 'admin' }
{ image_path: '25.jpg',
  _id: 589b4eafd241f50af75574ee,
  date: Wed Feb 08 2017 17:00:31 GMT+0000 (UTC),
  gender: 0,
  dislike: 0,
  like: 25,
  explanation: 'Cheer Up!25',
  username: 'admin' }
{ image_path: '26.jpg',
  _id: 589b4eafd241f50af75574ef,
  date: Wed Feb 08 2017 17:00:31 GMT+0000 (UTC),
  gender: 0,
  dislike: 0,
  like: 26,
  explanation: 'Cheer Up!26',
  username: 'admin' }
{ image_path: '27.jpg',
  _id: 589b4eafd241f50af75574f0,
  date: Wed Feb 08 2017 17:00:31 GMT+0000 (UTC),
  gender: 0,
  dislike: 0,
  like: 27,
  explanation: 'Cheer Up!27',
  username: 'admin' }
{ image_path: '28.jpg',
  _id: 589b4eafd241f50af75574f1,
  date: Wed Feb 08 2017 17:00:31 GMT+0000 (UTC),
  gender: 0,
  dislike: 0,
  like: 28,
  explanation: 'Cheer Up!28',
  username: 'admin' }
{ image_path: '29.jpg',
  _id: 589b4eafd241f50af75574f2,
  date: Wed Feb 08 2017 17:00:31 GMT+0000 (UTC),
  gender: 0,
  dislike: 0,
  like: 29,
  explanation: 'Cheer Up!29',
  username: 'admin' }
{ image_path: '30.jpg',
  _id: 589b4eafd241f50af75574f3,
  date: Wed Feb 08 2017 17:00:31 GMT+0000 (UTC),
  gender: 0,
  dislike: 0,
  like: 30,
  explanation: 'Cheer Up!30',
  username: 'admin' }
{ image_path: '31.jpg',
  _id: 589b4eafd241f50af75574f4,
  date: Wed Feb 08 2017 17:00:31 GMT+0000 (UTC),
  gender: 0,
  dislike: 0,
  like: 31,
  explanation: 'Cheer Up!31',
  username: 'admin' }
{ image_path: '32.jpg',
  _id: 589b4eafd241f50af75574f5,
  date: Wed Feb 08 2017 17:00:31 GMT+0000 (UTC),
  gender: 0,
  dislike: 0,
  like: 32,
  explanation: 'Cheer Up!32',
  username: 'admin' }
{ image_path: '33.jpg',
  _id: 589b4eafd241f50af75574f6,
  date: Wed Feb 08 2017 17:00:31 GMT+0000 (UTC),
  gender: 0,
  dislike: 0,
  like: 33,
  explanation: 'Cheer Up!33',
  username: 'admin' }
{ image_path: '34.jpg',
  _id: 589b4eafd241f50af75574f7,
  date: Wed Feb 08 2017 17:00:31 GMT+0000 (UTC),
  gender: 1,
  dislike: 0,
  like: 34,
  explanation: 'Cheer Up!34',
  username: 'admin' }
{ image_path: '35.jpg',
  _id: 589b4eafd241f50af75574f8,
  date: Wed Feb 08 2017 17:00:31 GMT+0000 (UTC),
  gender: 1,
  dislike: 0,
  like: 35,
  explanation: 'Cheer Up!35',
  username: 'admin' }
{ image_path: '36.jpg',
  _id: 589b4eafd241f50af75574f9,
  date: Wed Feb 08 2017 17:00:31 GMT+0000 (UTC),
  gender: 1,
  dislike: 0,
  like: 36,
  explanation: 'Cheer Up!36',
  username: 'admin' }
{ image_path: '37.jpg',
  _id: 589b4eafd241f50af75574fa,
  date: Wed Feb 08 2017 17:00:31 GMT+0000 (UTC),
  gender: 1,
  dislike: 0,
  like: 37,
  explanation: 'Cheer Up!37',
  username: 'admin' }
{ image_path: '38.jpg',
  _id: 589b4eafd241f50af75574fb,
  date: Wed Feb 08 2017 17:00:31 GMT+0000 (UTC),
  gender: 1,
  dislike: 0,
  like: 38,
  explanation: 'Cheer Up!38',
  username: 'admin' }
{ image_path: '39.jpg',
  _id: 589b4eafd241f50af75574fc,
  date: Wed Feb 08 2017 17:00:31 GMT+0000 (UTC),
  gender: 1,
  dislike: 0,
  like: 39,
  explanation: 'Cheer Up!39',
  username: 'admin' }
{ image_path: '40.jpg',
  _id: 589b4eafd241f50af75574fd,
  date: Wed Feb 08 2017 17:00:31 GMT+0000 (UTC),
  gender: 1,
  dislike: 0,
  like: 40,
  explanation: 'Cheer Up!40',
  username: 'admin' }
{ image_path: '1.jpg',
  _id: 589b4ebcd241f50af75574fe,
  date: Wed Feb 08 2017 17:00:44 GMT+0000 (UTC),
  gender: 0,
  dislike: 0,
  like: 1,
  explanation: 'Cheer Up!1',
  username: 'admin' }
{ image_path: '2.jpg',
  _id: 589b4ebcd241f50af75574ff,
  date: Wed Feb 08 2017 17:00:44 GMT+0000 (UTC),
  gender: 0,
  dislike: 0,
  like: 2,
  explanation: 'Cheer Up!2',
  username: 'admin' }
{ image_path: '3.jpg',
  _id: 589b4ebcd241f50af7557500,
  date: Wed Feb 08 2017 17:00:44 GMT+0000 (UTC),
  gender: 0,
  dislike: 0,
  like: 3,
  explanation: 'Cheer Up!3',
  username: 'admin' }
{ image_path: '4.jpg',
  _id: 589b4ebcd241f50af7557501,
  date: Wed Feb 08 2017 17:00:44 GMT+0000 (UTC),
  gender: 0,
  dislike: 0,
  like: 4,
  explanation: 'Cheer Up!4',
  username: 'admin' }
{ image_path: '5.jpg',
  _id: 589b4ebcd241f50af7557502,
  date: Wed Feb 08 2017 17:00:44 GMT+0000 (UTC),
  gender: 0,
  dislike: 0,
  like: 5,
  explanation: 'Cheer Up!5',
  username: 'admin' }
{ image_path: '6.jpg',
  _id: 589b4ebcd241f50af7557503,
  date: Wed Feb 08 2017 17:00:44 GMT+0000 (UTC),
  gender: 0,
  dislike: 0,
  like: 6,
  explanation: 'Cheer Up!6',
  username: 'admin' }
{ image_path: '7.jpg',
  _id: 589b4ebcd241f50af7557504,
  date: Wed Feb 08 2017 17:00:44 GMT+0000 (UTC),
  gender: 0,
  dislike: 0,
  like: 7,
  explanation: 'Cheer Up!7',
  username: 'admin' }
{ image_path: '8.jpg',
  _id: 589b4ebcd241f50af7557505,
  date: Wed Feb 08 2017 17:00:44 GMT+0000 (UTC),
  gender: 0,
  dislike: 0,
  like: 8,
  explanation: 'Cheer Up!8',
  username: 'admin' }
{ image_path: '9.jpg',
  _id: 589b4ebcd241f50af7557506,
  date: Wed Feb 08 2017 17:00:44 GMT+0000 (UTC),
  gender: 0,
  dislike: 0,
  like: 9,
  explanation: 'Cheer Up!9',
  username: 'admin' }
{ image_path: '10.jpg',
  _id: 589b4ebcd241f50af7557507,
  date: Wed Feb 08 2017 17:00:44 GMT+0000 (UTC),
  gender: 0,
  dislike: 0,
  like: 10,
  explanation: 'Cheer Up!10',
  username: 'admin' }
{ image_path: '11.jpg',
  _id: 589b4ebcd241f50af7557508,
  date: Wed Feb 08 2017 17:00:44 GMT+0000 (UTC),
  gender: 0,
  dislike: 0,
  like: 11,
  explanation: 'Cheer Up!11',
  username: 'admin' }
{ image_path: '12.jpg',
  _id: 589b4ebcd241f50af7557509,
  date: Wed Feb 08 2017 17:00:44 GMT+0000 (UTC),
  gender: 0,
  dislike: 0,
  like: 12,
  explanation: 'Cheer Up!12',
  username: 'admin' }
{ image_path: '13.jpg',
  _id: 589b4ebcd241f50af755750a,
  date: Wed Feb 08 2017 17:00:44 GMT+0000 (UTC),
  gender: 0,
  dislike: 0,
  like: 13,
  explanation: 'Cheer Up!13',
  username: 'admin' }
{ image_path: '14.jpg',
  _id: 589b4ebcd241f50af755750b,
  date: Wed Feb 08 2017 17:00:44 GMT+0000 (UTC),
  gender: 0,
  dislike: 0,
  like: 14,
  explanation: 'Cheer Up!14',
  username: 'admin' }
{ image_path: '15.jpg',
  _id: 589b4ebcd241f50af755750c,
  date: Wed Feb 08 2017 17:00:44 GMT+0000 (UTC),
  gender: 0,
  dislike: 0,
  like: 15,
  explanation: 'Cheer Up!15',
  username: 'admin' }
{ image_path: '16.jpg',
  _id: 589b4ebcd241f50af755750d,
  date: Wed Feb 08 2017 17:00:44 GMT+0000 (UTC),
  gender: 0,
  dislike: 0,
  like: 16,
  explanation: 'Cheer Up!16',
  username: 'admin' }
{ image_path: '17.jpg',
  _id: 589b4ebcd241f50af755750e,
  date: Wed Feb 08 2017 17:00:44 GMT+0000 (UTC),
  gender: 0,
  dislike: 0,
  like: 17,
  explanation: 'Cheer Up!17',
  username: 'admin' }
{ image_path: '18.jpg',
  _id: 589b4ebcd241f50af755750f,
  date: Wed Feb 08 2017 17:00:44 GMT+0000 (UTC),
  gender: 0,
  dislike: 0,
  like: 18,
  explanation: 'Cheer Up!18',
  username: 'admin' }
{ image_path: '19.jpg',
  _id: 589b4ebcd241f50af7557510,
  date: Wed Feb 08 2017 17:00:44 GMT+0000 (UTC),
  gender: 0,
  dislike: 0,
  like: 19,
  explanation: 'Cheer Up!19',
  username: 'admin' }
{ image_path: '20.jpg',
  _id: 589b4ebcd241f50af7557511,
  date: Wed Feb 08 2017 17:00:44 GMT+0000 (UTC),
  gender: 0,
  dislike: 0,
  like: 20,
  explanation: 'Cheer Up!20',
  username: 'admin' }
{ image_path: '21.jpg',
  _id: 589b4ebcd241f50af7557512,
  date: Wed Feb 08 2017 17:00:44 GMT+0000 (UTC),
  gender: 0,
  dislike: 0,
  like: 21,
  explanation: 'Cheer Up!21',
  username: 'admin' }
{ image_path: '22.jpg',
  _id: 589b4ebcd241f50af7557513,
  date: Wed Feb 08 2017 17:00:44 GMT+0000 (UTC),
  gender: 0,
  dislike: 0,
  like: 22,
  explanation: 'Cheer Up!22',
  username: 'admin' }
{ image_path: '23.jpg',
  _id: 589b4ebcd241f50af7557514,
  date: Wed Feb 08 2017 17:00:44 GMT+0000 (UTC),
  gender: 0,
  dislike: 0,
  like: 23,
  explanation: 'Cheer Up!23',
  username: 'admin' }
{ image_path: '24.jpg',
  _id: 589b4ebcd241f50af7557515,
  date: Wed Feb 08 2017 17:00:44 GMT+0000 (UTC),
  gender: 0,
  dislike: 0,
  like: 24,
  explanation: 'Cheer Up!24',
  username: 'admin' }
{ image_path: '25.jpg',
  _id: 589b4ebcd241f50af7557516,
  date: Wed Feb 08 2017 17:00:44 GMT+0000 (UTC),
  gender: 0,
  dislike: 0,
  like: 25,
  explanation: 'Cheer Up!25',
  username: 'admin' }
{ image_path: '26.jpg',
  _id: 589b4ebcd241f50af7557517,
  date: Wed Feb 08 2017 17:00:44 GMT+0000 (UTC),
  gender: 0,
  dislike: 0,
  like: 26,
  explanation: 'Cheer Up!26',
  username: 'admin' }
{ image_path: '27.jpg',
  _id: 589b4ebcd241f50af7557518,
  date: Wed Feb 08 2017 17:00:44 GMT+0000 (UTC),
  gender: 0,
  dislike: 0,
  like: 27,
  explanation: 'Cheer Up!27',
  username: 'admin' }
{ image_path: '28.jpg',
  _id: 589b4ebcd241f50af7557519,
  date: Wed Feb 08 2017 17:00:44 GMT+0000 (UTC),
  gender: 0,
  dislike: 0,
  like: 28,
  explanation: 'Cheer Up!28',
  username: 'admin' }
{ image_path: '29.jpg',
  _id: 589b4ebcd241f50af755751a,
  date: Wed Feb 08 2017 17:00:44 GMT+0000 (UTC),
  gender: 0,
  dislike: 0,
  like: 29,
  explanation: 'Cheer Up!29',
  username: 'admin' }
{ image_path: '30.jpg',
  _id: 589b4ebcd241f50af755751b,
  date: Wed Feb 08 2017 17:00:44 GMT+0000 (UTC),
  gender: 0,
  dislike: 0,
  like: 30,
  explanation: 'Cheer Up!30',
  username: 'admin' }
{ image_path: '31.jpg',
  _id: 589b4ebcd241f50af755751c,
  date: Wed Feb 08 2017 17:00:44 GMT+0000 (UTC),
  gender: 0,
  dislike: 0,
  like: 31,
  explanation: 'Cheer Up!31',
  username: 'admin' }
{ image_path: '32.jpg',
  _id: 589b4ebcd241f50af755751d,
  date: Wed Feb 08 2017 17:00:44 GMT+0000 (UTC),
  gender: 0,
  dislike: 0,
  like: 32,
  explanation: 'Cheer Up!32',
  username: 'admin' }
{ image_path: '33.jpg',
  _id: 589b4ebcd241f50af755751e,
  date: Wed Feb 08 2017 17:00:44 GMT+0000 (UTC),
  gender: 0,
  dislike: 0,
  like: 33,
  explanation: 'Cheer Up!33',
  username: 'admin' }
{ image_path: '34.jpg',
  _id: 589b4ebcd241f50af755751f,
  date: Wed Feb 08 2017 17:00:44 GMT+0000 (UTC),
  gender: 1,
  dislike: 0,
  like: 34,
  explanation: 'Cheer Up!34',
  username: 'admin' }
{ image_path: '35.jpg',
  _id: 589b4ebcd241f50af7557520,
  date: Wed Feb 08 2017 17:00:44 GMT+0000 (UTC),
  gender: 1,
  dislike: 0,
  like: 35,
  explanation: 'Cheer Up!35',
  username: 'admin' }
{ image_path: '36.jpg',
  _id: 589b4ebcd241f50af7557521,
  date: Wed Feb 08 2017 17:00:44 GMT+0000 (UTC),
  gender: 1,
  dislike: 0,
  like: 36,
  explanation: 'Cheer Up!36',
  username: 'admin' }
{ image_path: '37.jpg',
  _id: 589b4ebcd241f50af7557522,
  date: Wed Feb 08 2017 17:00:44 GMT+0000 (UTC),
  gender: 1,
  dislike: 0,
  like: 37,
  explanation: 'Cheer Up!37',
  username: 'admin' }
{ image_path: '38.jpg',
  _id: 589b4ebcd241f50af7557523,
  date: Wed Feb 08 2017 17:00:44 GMT+0000 (UTC),
  gender: 1,
  dislike: 0,
  like: 38,
  explanation: 'Cheer Up!38',
  username: 'admin' }
{ image_path: '39.jpg',
  _id: 589b4ebcd241f50af7557524,
  date: Wed Feb 08 2017 17:00:44 GMT+0000 (UTC),
  gender: 1,
  dislike: 0,
  like: 39,
  explanation: 'Cheer Up!39',
  username: 'admin' }
{ image_path: '40.jpg',
  _id: 589b4ebcd241f50af7557525,
  date: Wed Feb 08 2017 17:00:44 GMT+0000 (UTC),
  gender: 1,
  dislike: 0,
  like: 40,
  explanation: 'Cheer Up!40',
  username: 'admin' }
160
32
172
73
53
53
module.js:328
    throw err;
    ^

Error: Cannot find module '/home/ubuntu/sl_new/server/npm'
    at Function.Module._resolveFilename (module.js:326:15)
    at Function.Module._load (module.js:277:25)
    at Function.Module.runMain (module.js:442:10)
    at startup (node.js:136:18)
    at node.js:966:3

> server@1.0.0 start /home/ubuntu/sl_new/server
> node app.js

Connected, 9000 port!
mongodb connected
38
150
12
217
57
57
46
29
165
151
169
169
48
84
233
57
18
18
{ image_path: '1.jpg',
  _id: 589b4f82e596b70b73b8cb36,
  date: Wed Feb 08 2017 17:04:02 GMT+0000 (UTC),
  gender: 0,
  dislike: 0,
  like: 1,
  explanation: 'Cheer Up!1',
  username: 'admin' }
Mongoose: mpromise (mongoose's default promise library) is deprecated, plug in your own promise library instead: http://mongoosejs.com/docs/promises.html
{ image_path: '2.jpg',
  _id: 589b4f82e596b70b73b8cb37,
  date: Wed Feb 08 2017 17:04:02 GMT+0000 (UTC),
  gender: 0,
  dislike: 0,
  like: 2,
  explanation: 'Cheer Up!2',
  username: 'admin' }
{ image_path: '3.jpg',
  _id: 589b4f82e596b70b73b8cb38,
  date: Wed Feb 08 2017 17:04:02 GMT+0000 (UTC),
  gender: 0,
  dislike: 0,
  like: 3,
  explanation: 'Cheer Up!3',
  username: 'admin' }
{ image_path: '4.jpg',
  _id: 589b4f82e596b70b73b8cb39,
  date: Wed Feb 08 2017 17:04:02 GMT+0000 (UTC),
  gender: 0,
  dislike: 0,
  like: 4,
  explanation: 'Cheer Up!4',
  username: 'admin' }
{ image_path: '5.jpg',
  _id: 589b4f82e596b70b73b8cb3a,
  date: Wed Feb 08 2017 17:04:02 GMT+0000 (UTC),
  gender: 0,
  dislike: 0,
  like: 5,
  explanation: 'Cheer Up!5',
  username: 'admin' }
{ image_path: '6.jpg',
  _id: 589b4f82e596b70b73b8cb3b,
  date: Wed Feb 08 2017 17:04:02 GMT+0000 (UTC),
  gender: 0,
  dislike: 0,
  like: 6,
  explanation: 'Cheer Up!6',
  username: 'admin' }
{ image_path: '7.jpg',
  _id: 589b4f82e596b70b73b8cb3c,
  date: Wed Feb 08 2017 17:04:02 GMT+0000 (UTC),
  gender: 0,
  dislike: 0,
  like: 7,
  explanation: 'Cheer Up!7',
  username: 'admin' }
{ image_path: '8.jpg',
  _id: 589b4f82e596b70b73b8cb3d,
  date: Wed Feb 08 2017 17:04:02 GMT+0000 (UTC),
  gender: 0,
  dislike: 0,
  like: 8,
  explanation: 'Cheer Up!8',
  username: 'admin' }
{ image_path: '9.jpg',
  _id: 589b4f82e596b70b73b8cb3e,
  date: Wed Feb 08 2017 17:04:02 GMT+0000 (UTC),
  gender: 0,
  dislike: 0,
  like: 9,
  explanation: 'Cheer Up!9',
  username: 'admin' }
{ image_path: '10.jpg',
  _id: 589b4f82e596b70b73b8cb3f,
  date: Wed Feb 08 2017 17:04:02 GMT+0000 (UTC),
  gender: 0,
  dislike: 0,
  like: 10,
  explanation: 'Cheer Up!10',
  username: 'admin' }
{ image_path: '11.jpg',
  _id: 589b4f82e596b70b73b8cb40,
  date: Wed Feb 08 2017 17:04:02 GMT+0000 (UTC),
  gender: 0,
  dislike: 0,
  like: 11,
  explanation: 'Cheer Up!11',
  username: 'admin' }
{ image_path: '12.jpg',
  _id: 589b4f82e596b70b73b8cb41,
  date: Wed Feb 08 2017 17:04:02 GMT+0000 (UTC),
  gender: 0,
  dislike: 0,
  like: 12,
  explanation: 'Cheer Up!12',
  username: 'admin' }
{ image_path: '13.jpg',
  _id: 589b4f82e596b70b73b8cb42,
  date: Wed Feb 08 2017 17:04:02 GMT+0000 (UTC),
  gender: 0,
  dislike: 0,
  like: 13,
  explanation: 'Cheer Up!13',
  username: 'admin' }
{ image_path: '14.jpg',
  _id: 589b4f82e596b70b73b8cb43,
  date: Wed Feb 08 2017 17:04:02 GMT+0000 (UTC),
  gender: 0,
  dislike: 0,
  like: 14,
  explanation: 'Cheer Up!14',
  username: 'admin' }
{ image_path: '15.jpg',
  _id: 589b4f82e596b70b73b8cb44,
  date: Wed Feb 08 2017 17:04:02 GMT+0000 (UTC),
  gender: 0,
  dislike: 0,
  like: 15,
  explanation: 'Cheer Up!15',
  username: 'admin' }
{ image_path: '16.jpg',
  _id: 589b4f82e596b70b73b8cb45,
  date: Wed Feb 08 2017 17:04:02 GMT+0000 (UTC),
  gender: 0,
  dislike: 0,
  like: 16,
  explanation: 'Cheer Up!16',
  username: 'admin' }
{ image_path: '17.jpg',
  _id: 589b4f82e596b70b73b8cb46,
  date: Wed Feb 08 2017 17:04:02 GMT+0000 (UTC),
  gender: 0,
  dislike: 0,
  like: 17,
  explanation: 'Cheer Up!17',
  username: 'admin' }
{ image_path: '18.jpg',
  _id: 589b4f82e596b70b73b8cb47,
  date: Wed Feb 08 2017 17:04:02 GMT+0000 (UTC),
  gender: 0,
  dislike: 0,
  like: 18,
  explanation: 'Cheer Up!18',
  username: 'admin' }
{ image_path: '19.jpg',
  _id: 589b4f82e596b70b73b8cb48,
  date: Wed Feb 08 2017 17:04:02 GMT+0000 (UTC),
  gender: 0,
  dislike: 0,
  like: 19,
  explanation: 'Cheer Up!19',
  username: 'admin' }
{ image_path: '20.jpg',
  _id: 589b4f82e596b70b73b8cb49,
  date: Wed Feb 08 2017 17:04:02 GMT+0000 (UTC),
  gender: 0,
  dislike: 0,
  like: 20,
  explanation: 'Cheer Up!20',
  username: 'admin' }
{ image_path: '21.jpg',
  _id: 589b4f82e596b70b73b8cb4a,
  date: Wed Feb 08 2017 17:04:02 GMT+0000 (UTC),
  gender: 0,
  dislike: 0,
  like: 21,
  explanation: 'Cheer Up!21',
  username: 'admin' }
{ image_path: '22.jpg',
  _id: 589b4f82e596b70b73b8cb4b,
  date: Wed Feb 08 2017 17:04:02 GMT+0000 (UTC),
  gender: 0,
  dislike: 0,
  like: 22,
  explanation: 'Cheer Up!22',
  username: 'admin' }
{ image_path: '23.jpg',
  _id: 589b4f82e596b70b73b8cb4c,
  date: Wed Feb 08 2017 17:04:02 GMT+0000 (UTC),
  gender: 0,
  dislike: 0,
  like: 23,
  explanation: 'Cheer Up!23',
  username: 'admin' }
{ image_path: '24.jpg',
  _id: 589b4f82e596b70b73b8cb4d,
  date: Wed Feb 08 2017 17:04:02 GMT+0000 (UTC),
  gender: 0,
  dislike: 0,
  like: 24,
  explanation: 'Cheer Up!24',
  username: 'admin' }
{ image_path: '25.jpg',
  _id: 589b4f82e596b70b73b8cb4e,
  date: Wed Feb 08 2017 17:04:02 GMT+0000 (UTC),
  gender: 0,
  dislike: 0,
  like: 25,
  explanation: 'Cheer Up!25',
  username: 'admin' }
{ image_path: '26.jpg',
  _id: 589b4f82e596b70b73b8cb4f,
  date: Wed Feb 08 2017 17:04:02 GMT+0000 (UTC),
  gender: 0,
  dislike: 0,
  like: 26,
  explanation: 'Cheer Up!26',
  username: 'admin' }
{ image_path: '27.jpg',
  _id: 589b4f82e596b70b73b8cb50,
  date: Wed Feb 08 2017 17:04:02 GMT+0000 (UTC),
  gender: 0,
  dislike: 0,
  like: 27,
  explanation: 'Cheer Up!27',
  username: 'admin' }
{ image_path: '28.jpg',
  _id: 589b4f82e596b70b73b8cb51,
  date: Wed Feb 08 2017 17:04:02 GMT+0000 (UTC),
  gender: 0,
  dislike: 0,
  like: 28,
  explanation: 'Cheer Up!28',
  username: 'admin' }
{ image_path: '29.jpg',
  _id: 589b4f82e596b70b73b8cb52,
  date: Wed Feb 08 2017 17:04:02 GMT+0000 (UTC),
  gender: 0,
  dislike: 0,
  like: 29,
  explanation: 'Cheer Up!29',
  username: 'admin' }
{ image_path: '30.jpg',
  _id: 589b4f82e596b70b73b8cb53,
  date: Wed Feb 08 2017 17:04:02 GMT+0000 (UTC),
  gender: 0,
  dislike: 0,
  like: 30,
  explanation: 'Cheer Up!30',
  username: 'admin' }
{ image_path: '31.jpg',
  _id: 589b4f82e596b70b73b8cb54,
  date: Wed Feb 08 2017 17:04:02 GMT+0000 (UTC),
  gender: 0,
  dislike: 0,
  like: 31,
  explanation: 'Cheer Up!31',
  username: 'admin' }
{ image_path: '32.jpg',
  _id: 589b4f82e596b70b73b8cb55,
  date: Wed Feb 08 2017 17:04:02 GMT+0000 (UTC),
  gender: 0,
  dislike: 0,
  like: 32,
  explanation: 'Cheer Up!32',
  username: 'admin' }
{ image_path: '33.jpg',
  _id: 589b4f82e596b70b73b8cb56,
  date: Wed Feb 08 2017 17:04:02 GMT+0000 (UTC),
  gender: 0,
  dislike: 0,
  like: 33,
  explanation: 'Cheer Up!33',
  username: 'admin' }
{ image_path: '34.jpg',
  _id: 589b4f82e596b70b73b8cb57,
  date: Wed Feb 08 2017 17:04:02 GMT+0000 (UTC),
  gender: 1,
  dislike: 0,
  like: 34,
  explanation: 'Cheer Up!34',
  username: 'admin' }
{ image_path: '35.jpg',
  _id: 589b4f82e596b70b73b8cb58,
  date: Wed Feb 08 2017 17:04:02 GMT+0000 (UTC),
  gender: 1,
  dislike: 0,
  like: 35,
  explanation: 'Cheer Up!35',
  username: 'admin' }
{ image_path: '36.jpg',
  _id: 589b4f82e596b70b73b8cb59,
  date: Wed Feb 08 2017 17:04:02 GMT+0000 (UTC),
  gender: 1,
  dislike: 0,
  like: 36,
  explanation: 'Cheer Up!36',
  username: 'admin' }
{ image_path: '37.jpg',
  _id: 589b4f82e596b70b73b8cb5a,
  date: Wed Feb 08 2017 17:04:02 GMT+0000 (UTC),
  gender: 1,
  dislike: 0,
  like: 37,
  explanation: 'Cheer Up!37',
  username: 'admin' }
{ image_path: '38.jpg',
  _id: 589b4f82e596b70b73b8cb5b,
  date: Wed Feb 08 2017 17:04:02 GMT+0000 (UTC),
  gender: 1,
  dislike: 0,
  like: 38,
  explanation: 'Cheer Up!38',
  username: 'admin' }
{ image_path: '39.jpg',
  _id: 589b4f82e596b70b73b8cb5c,
  date: Wed Feb 08 2017 17:04:02 GMT+0000 (UTC),
  gender: 1,
  dislike: 0,
  like: 39,
  explanation: 'Cheer Up!39',
  username: 'admin' }
{ image_path: '40.jpg',
  _id: 589b4f82e596b70b73b8cb5d,
  date: Wed Feb 08 2017 17:04:02 GMT+0000 (UTC),
  gender: 1,
  dislike: 0,
  like: 40,
  explanation: 'Cheer Up!40',
  username: 'admin' }

> server@1.0.0 start /home/ubuntu/sl_new/server
> node app.js

Connected, 9000 port!
mongodb connected
{ image_path: '1.jpg',
  _id: 589b4fdc2f37120b976168e0,
  date: Wed Feb 08 2017 17:05:32 GMT+0000 (UTC),
  gender: 0,
  dislike: 0,
  like: 1,
  explanation: 'Cheer Up!1',
  username: 'admin' }
Mongoose: mpromise (mongoose's default promise library) is deprecated, plug in your own promise library instead: http://mongoosejs.com/docs/promises.html
{ image_path: '2.jpg',
  _id: 589b4fdc2f37120b976168e1,
  date: Wed Feb 08 2017 17:05:32 GMT+0000 (UTC),
  gender: 0,
  dislike: 0,
  like: 2,
  explanation: 'Cheer Up!2',
  username: 'admin' }
{ image_path: '3.jpg',
  _id: 589b4fdc2f37120b976168e2,
  date: Wed Feb 08 2017 17:05:32 GMT+0000 (UTC),
  gender: 0,
  dislike: 0,
  like: 3,
  explanation: 'Cheer Up!3',
  username: 'admin' }
{ image_path: '4.jpg',
  _id: 589b4fdc2f37120b976168e3,
  date: Wed Feb 08 2017 17:05:32 GMT+0000 (UTC),
  gender: 0,
  dislike: 0,
  like: 4,
  explanation: 'Cheer Up!4',
  username: 'admin' }
{ image_path: '5.jpg',
  _id: 589b4fdc2f37120b976168e4,
  date: Wed Feb 08 2017 17:05:32 GMT+0000 (UTC),
  gender: 0,
  dislike: 0,
  like: 5,
  explanation: 'Cheer Up!5',
  username: 'admin' }
{ image_path: '6.jpg',
  _id: 589b4fdc2f37120b976168e5,
  date: Wed Feb 08 2017 17:05:32 GMT+0000 (UTC),
  gender: 0,
  dislike: 0,
  like: 6,
  explanation: 'Cheer Up!6',
  username: 'admin' }
{ image_path: '7.jpg',
  _id: 589b4fdc2f37120b976168e6,
  date: Wed Feb 08 2017 17:05:32 GMT+0000 (UTC),
  gender: 0,
  dislike: 0,
  like: 7,
  explanation: 'Cheer Up!7',
  username: 'admin' }
{ image_path: '8.jpg',
  _id: 589b4fdc2f37120b976168e7,
  date: Wed Feb 08 2017 17:05:32 GMT+0000 (UTC),
  gender: 0,
  dislike: 0,
  like: 8,
  explanation: 'Cheer Up!8',
  username: 'admin' }
{ image_path: '9.jpg',
  _id: 589b4fdc2f37120b976168e8,
  date: Wed Feb 08 2017 17:05:32 GMT+0000 (UTC),
  gender: 0,
  dislike: 0,
  like: 9,
  explanation: 'Cheer Up!9',
  username: 'admin' }
{ image_path: '10.jpg',
  _id: 589b4fdc2f37120b976168e9,
  date: Wed Feb 08 2017 17:05:32 GMT+0000 (UTC),
  gender: 0,
  dislike: 0,
  like: 10,
  explanation: 'Cheer Up!10',
  username: 'admin' }
{ image_path: '11.jpg',
  _id: 589b4fdc2f37120b976168ea,
  date: Wed Feb 08 2017 17:05:32 GMT+0000 (UTC),
  gender: 0,
  dislike: 0,
  like: 11,
  explanation: 'Cheer Up!11',
  username: 'admin' }
{ image_path: '12.jpg',
  _id: 589b4fdc2f37120b976168eb,
  date: Wed Feb 08 2017 17:05:32 GMT+0000 (UTC),
  gender: 0,
  dislike: 0,
  like: 12,
  explanation: 'Cheer Up!12',
  username: 'admin' }
{ image_path: '13.jpg',
  _id: 589b4fdc2f37120b976168ec,
  date: Wed Feb 08 2017 17:05:32 GMT+0000 (UTC),
  gender: 0,
  dislike: 0,
  like: 13,
  explanation: 'Cheer Up!13',
  username: 'admin' }
{ image_path: '14.jpg',
  _id: 589b4fdc2f37120b976168ed,
  date: Wed Feb 08 2017 17:05:32 GMT+0000 (UTC),
  gender: 0,
  dislike: 0,
  like: 14,
  explanation: 'Cheer Up!14',
  username: 'admin' }
{ image_path: '15.jpg',
  _id: 589b4fdc2f37120b976168ee,
  date: Wed Feb 08 2017 17:05:32 GMT+0000 (UTC),
  gender: 0,
  dislike: 0,
  like: 15,
  explanation: 'Cheer Up!15',
  username: 'admin' }
{ image_path: '16.jpg',
  _id: 589b4fdc2f37120b976168ef,
  date: Wed Feb 08 2017 17:05:32 GMT+0000 (UTC),
  gender: 0,
  dislike: 0,
  like: 16,
  explanation: 'Cheer Up!16',
  username: 'admin' }
{ image_path: '17.jpg',
  _id: 589b4fdc2f37120b976168f0,
  date: Wed Feb 08 2017 17:05:32 GMT+0000 (UTC),
  gender: 0,
  dislike: 0,
  like: 17,
  explanation: 'Cheer Up!17',
  username: 'admin' }
{ image_path: '18.jpg',
  _id: 589b4fdc2f37120b976168f1,
  date: Wed Feb 08 2017 17:05:32 GMT+0000 (UTC),
  gender: 0,
  dislike: 0,
  like: 18,
  explanation: 'Cheer Up!18',
  username: 'admin' }
{ image_path: '19.jpg',
  _id: 589b4fdc2f37120b976168f2,
  date: Wed Feb 08 2017 17:05:32 GMT+0000 (UTC),
  gender: 0,
  dislike: 0,
  like: 19,
  explanation: 'Cheer Up!19',
  username: 'admin' }
{ image_path: '20.jpg',
  _id: 589b4fdc2f37120b976168f3,
  date: Wed Feb 08 2017 17:05:32 GMT+0000 (UTC),
  gender: 0,
  dislike: 0,
  like: 20,
  explanation: 'Cheer Up!20',
  username: 'admin' }
{ image_path: '21.jpg',
  _id: 589b4fdc2f37120b976168f4,
  date: Wed Feb 08 2017 17:05:32 GMT+0000 (UTC),
  gender: 0,
  dislike: 0,
  like: 21,
  explanation: 'Cheer Up!21',
  username: 'admin' }
{ image_path: '22.jpg',
  _id: 589b4fdc2f37120b976168f5,
  date: Wed Feb 08 2017 17:05:32 GMT+0000 (UTC),
  gender: 0,
  dislike: 0,
  like: 22,
  explanation: 'Cheer Up!22',
  username: 'admin' }
{ image_path: '23.jpg',
  _id: 589b4fdc2f37120b976168f6,
  date: Wed Feb 08 2017 17:05:32 GMT+0000 (UTC),
  gender: 0,
  dislike: 0,
  like: 23,
  explanation: 'Cheer Up!23',
  username: 'admin' }
{ image_path: '24.jpg',
  _id: 589b4fdc2f37120b976168f7,
  date: Wed Feb 08 2017 17:05:32 GMT+0000 (UTC),
  gender: 0,
  dislike: 0,
  like: 24,
  explanation: 'Cheer Up!24',
  username: 'admin' }
{ image_path: '25.jpg',
  _id: 589b4fdc2f37120b976168f8,
  date: Wed Feb 08 2017 17:05:32 GMT+0000 (UTC),
  gender: 0,
  dislike: 0,
  like: 25,
  explanation: 'Cheer Up!25',
  username: 'admin' }
{ image_path: '26.jpg',
  _id: 589b4fdc2f37120b976168f9,
  date: Wed Feb 08 2017 17:05:32 GMT+0000 (UTC),
  gender: 0,
  dislike: 0,
  like: 26,
  explanation: 'Cheer Up!26',
  username: 'admin' }
{ image_path: '27.jpg',
  _id: 589b4fdc2f37120b976168fa,
  date: Wed Feb 08 2017 17:05:32 GMT+0000 (UTC),
  gender: 0,
  dislike: 0,
  like: 27,
  explanation: 'Cheer Up!27',
  username: 'admin' }
{ image_path: '28.jpg',
  _id: 589b4fdc2f37120b976168fb,
  date: Wed Feb 08 2017 17:05:32 GMT+0000 (UTC),
  gender: 0,
  dislike: 0,
  like: 28,
  explanation: 'Cheer Up!28',
  username: 'admin' }
{ image_path: '29.jpg',
  _id: 589b4fdc2f37120b976168fc,
  date: Wed Feb 08 2017 17:05:32 GMT+0000 (UTC),
  gender: 0,
  dislike: 0,
  like: 29,
  explanation: 'Cheer Up!29',
  username: 'admin' }
{ image_path: '30.jpg',
  _id: 589b4fdc2f37120b976168fd,
  date: Wed Feb 08 2017 17:05:32 GMT+0000 (UTC),
  gender: 0,
  dislike: 0,
  like: 30,
  explanation: 'Cheer Up!30',
  username: 'admin' }
{ image_path: '31.jpg',
  _id: 589b4fdc2f37120b976168fe,
  date: Wed Feb 08 2017 17:05:32 GMT+0000 (UTC),
  gender: 0,
  dislike: 0,
  like: 31,
  explanation: 'Cheer Up!31',
  username: 'admin' }
{ image_path: '32.jpg',
  _id: 589b4fdc2f37120b976168ff,
  date: Wed Feb 08 2017 17:05:32 GMT+0000 (UTC),
  gender: 0,
  dislike: 0,
  like: 32,
  explanation: 'Cheer Up!32',
  username: 'admin' }
{ image_path: '33.jpg',
  _id: 589b4fdc2f37120b97616900,
  date: Wed Feb 08 2017 17:05:32 GMT+0000 (UTC),
  gender: 0,
  dislike: 0,
  like: 33,
  explanation: 'Cheer Up!33',
  username: 'admin' }
{ image_path: '34.jpg',
  _id: 589b4fdc2f37120b97616901,
  date: Wed Feb 08 2017 17:05:32 GMT+0000 (UTC),
  gender: 1,
  dislike: 0,
  like: 34,
  explanation: 'Cheer Up!34',
  username: 'admin' }
{ image_path: '35.jpg',
  _id: 589b4fdc2f37120b97616902,
  date: Wed Feb 08 2017 17:05:32 GMT+0000 (UTC),
  gender: 1,
  dislike: 0,
  like: 35,
  explanation: 'Cheer Up!35',
  username: 'admin' }
{ image_path: '36.jpg',
  _id: 589b4fdc2f37120b97616903,
  date: Wed Feb 08 2017 17:05:32 GMT+0000 (UTC),
  gender: 1,
  dislike: 0,
  like: 36,
  explanation: 'Cheer Up!36',
  username: 'admin' }
{ image_path: '37.jpg',
  _id: 589b4fdc2f37120b97616904,
  date: Wed Feb 08 2017 17:05:32 GMT+0000 (UTC),
  gender: 1,
  dislike: 0,
  like: 37,
  explanation: 'Cheer Up!37',
  username: 'admin' }
{ image_path: '38.jpg',
  _id: 589b4fdc2f37120b97616905,
  date: Wed Feb 08 2017 17:05:32 GMT+0000 (UTC),
  gender: 1,
  dislike: 0,
  like: 38,
  explanation: 'Cheer Up!38',
  username: 'admin' }
{ image_path: '39.jpg',
  _id: 589b4fdc2f37120b97616906,
  date: Wed Feb 08 2017 17:05:32 GMT+0000 (UTC),
  gender: 1,
  dislike: 0,
  like: 39,
  explanation: 'Cheer Up!39',
  username: 'admin' }
{ image_path: '40.jpg',
  _id: 589b4fdc2f37120b97616907,
  date: Wed Feb 08 2017 17:05:32 GMT+0000 (UTC),
  gender: 1,
  dislike: 0,
  like: 40,
  explanation: 'Cheer Up!40',
  username: 'admin' }
{ image_path: '1.jpg',
  _id: 589b4fe52f37120b97616908,
  date: Wed Feb 08 2017 17:05:41 GMT+0000 (UTC),
  gender: 0,
  dislike: 0,
  like: 1,
  explanation: 'Cheer Up!1',
  username: 'admin' }
{ image_path: '2.jpg',
  _id: 589b4fe52f37120b97616909,
  date: Wed Feb 08 2017 17:05:41 GMT+0000 (UTC),
  gender: 0,
  dislike: 0,
  like: 2,
  explanation: 'Cheer Up!2',
  username: 'admin' }
{ image_path: '3.jpg',
  _id: 589b4fe52f37120b9761690a,
  date: Wed Feb 08 2017 17:05:41 GMT+0000 (UTC),
  gender: 0,
  dislike: 0,
  like: 3,
  explanation: 'Cheer Up!3',
  username: 'admin' }
{ image_path: '4.jpg',
  _id: 589b4fe52f37120b9761690b,
  date: Wed Feb 08 2017 17:05:41 GMT+0000 (UTC),
  gender: 0,
  dislike: 0,
  like: 4,
  explanation: 'Cheer Up!4',
  username: 'admin' }
{ image_path: '5.jpg',
  _id: 589b4fe52f37120b9761690c,
  date: Wed Feb 08 2017 17:05:41 GMT+0000 (UTC),
  gender: 0,
  dislike: 0,
  like: 5,
  explanation: 'Cheer Up!5',
  username: 'admin' }
{ image_path: '6.jpg',
  _id: 589b4fe52f37120b9761690d,
  date: Wed Feb 08 2017 17:05:41 GMT+0000 (UTC),
  gender: 0,
  dislike: 0,
  like: 6,
  explanation: 'Cheer Up!6',
  username: 'admin' }
{ image_path: '7.jpg',
  _id: 589b4fe52f37120b9761690e,
  date: Wed Feb 08 2017 17:05:41 GMT+0000 (UTC),
  gender: 0,
  dislike: 0,
  like: 7,
  explanation: 'Cheer Up!7',
  username: 'admin' }
{ image_path: '8.jpg',
  _id: 589b4fe52f37120b9761690f,
  date: Wed Feb 08 2017 17:05:41 GMT+0000 (UTC),
  gender: 0,
  dislike: 0,
  like: 8,
  explanation: 'Cheer Up!8',
  username: 'admin' }
{ image_path: '9.jpg',
  _id: 589b4fe52f37120b97616910,
  date: Wed Feb 08 2017 17:05:41 GMT+0000 (UTC),
  gender: 0,
  dislike: 0,
  like: 9,
  explanation: 'Cheer Up!9',
  username: 'admin' }
{ image_path: '10.jpg',
  _id: 589b4fe52f37120b97616911,
  date: Wed Feb 08 2017 17:05:41 GMT+0000 (UTC),
  gender: 0,
  dislike: 0,
  like: 10,
  explanation: 'Cheer Up!10',
  username: 'admin' }
{ image_path: '11.jpg',
  _id: 589b4fe52f37120b97616912,
  date: Wed Feb 08 2017 17:05:41 GMT+0000 (UTC),
  gender: 0,
  dislike: 0,
  like: 11,
  explanation: 'Cheer Up!11',
  username: 'admin' }
{ image_path: '12.jpg',
  _id: 589b4fe52f37120b97616913,
  date: Wed Feb 08 2017 17:05:41 GMT+0000 (UTC),
  gender: 0,
  dislike: 0,
  like: 12,
  explanation: 'Cheer Up!12',
  username: 'admin' }
{ image_path: '13.jpg',
  _id: 589b4fe52f37120b97616914,
  date: Wed Feb 08 2017 17:05:41 GMT+0000 (UTC),
  gender: 0,
  dislike: 0,
  like: 13,
  explanation: 'Cheer Up!13',
  username: 'admin' }
{ image_path: '14.jpg',
  _id: 589b4fe52f37120b97616915,
  date: Wed Feb 08 2017 17:05:41 GMT+0000 (UTC),
  gender: 0,
  dislike: 0,
  like: 14,
  explanation: 'Cheer Up!14',
  username: 'admin' }
{ image_path: '15.jpg',
  _id: 589b4fe52f37120b97616916,
  date: Wed Feb 08 2017 17:05:41 GMT+0000 (UTC),
  gender: 0,
  dislike: 0,
  like: 15,
  explanation: 'Cheer Up!15',
  username: 'admin' }
{ image_path: '16.jpg',
  _id: 589b4fe52f37120b97616917,
  date: Wed Feb 08 2017 17:05:41 GMT+0000 (UTC),
  gender: 0,
  dislike: 0,
  like: 16,
  explanation: 'Cheer Up!16',
  username: 'admin' }
{ image_path: '17.jpg',
  _id: 589b4fe52f37120b97616918,
  date: Wed Feb 08 2017 17:05:41 GMT+0000 (UTC),
  gender: 0,
  dislike: 0,
  like: 17,
  explanation: 'Cheer Up!17',
  username: 'admin' }
{ image_path: '18.jpg',
  _id: 589b4fe52f37120b97616919,
  date: Wed Feb 08 2017 17:05:41 GMT+0000 (UTC),
  gender: 0,
  dislike: 0,
  like: 18,
  explanation: 'Cheer Up!18',
  username: 'admin' }
{ image_path: '19.jpg',
  _id: 589b4fe52f37120b9761691a,
  date: Wed Feb 08 2017 17:05:41 GMT+0000 (UTC),
  gender: 0,
  dislike: 0,
  like: 19,
  explanation: 'Cheer Up!19',
  username: 'admin' }
{ image_path: '20.jpg',
  _id: 589b4fe52f37120b9761691b,
  date: Wed Feb 08 2017 17:05:41 GMT+0000 (UTC),
  gender: 0,
  dislike: 0,
  like: 20,
  explanation: 'Cheer Up!20',
  username: 'admin' }
{ image_path: '21.jpg',
  _id: 589b4fe52f37120b9761691c,
  date: Wed Feb 08 2017 17:05:41 GMT+0000 (UTC),
  gender: 0,
  dislike: 0,
  like: 21,
  explanation: 'Cheer Up!21',
  username: 'admin' }
{ image_path: '22.jpg',
  _id: 589b4fe52f37120b9761691d,
  date: Wed Feb 08 2017 17:05:41 GMT+0000 (UTC),
  gender: 0,
  dislike: 0,
  like: 22,
  explanation: 'Cheer Up!22',
  username: 'admin' }
{ image_path: '23.jpg',
  _id: 589b4fe52f37120b9761691e,
  date: Wed Feb 08 2017 17:05:41 GMT+0000 (UTC),
  gender: 0,
  dislike: 0,
  like: 23,
  explanation: 'Cheer Up!23',
  username: 'admin' }
{ image_path: '24.jpg',
  _id: 589b4fe52f37120b9761691f,
  date: Wed Feb 08 2017 17:05:41 GMT+0000 (UTC),
  gender: 0,
  dislike: 0,
  like: 24,
  explanation: 'Cheer Up!24',
  username: 'admin' }
{ image_path: '25.jpg',
  _id: 589b4fe52f37120b97616920,
  date: Wed Feb 08 2017 17:05:41 GMT+0000 (UTC),
  gender: 0,
  dislike: 0,
  like: 25,
  explanation: 'Cheer Up!25',
  username: 'admin' }
{ image_path: '26.jpg',
  _id: 589b4fe52f37120b97616921,
  date: Wed Feb 08 2017 17:05:41 GMT+0000 (UTC),
  gender: 0,
  dislike: 0,
  like: 26,
  explanation: 'Cheer Up!26',
  username: 'admin' }
{ image_path: '27.jpg',
  _id: 589b4fe52f37120b97616922,
  date: Wed Feb 08 2017 17:05:41 GMT+0000 (UTC),
  gender: 0,
  dislike: 0,
  like: 27,
  explanation: 'Cheer Up!27',
  username: 'admin' }
{ image_path: '28.jpg',
  _id: 589b4fe52f37120b97616923,
  date: Wed Feb 08 2017 17:05:41 GMT+0000 (UTC),
  gender: 0,
  dislike: 0,
  like: 28,
  explanation: 'Cheer Up!28',
  username: 'admin' }
{ image_path: '29.jpg',
  _id: 589b4fe52f37120b97616924,
  date: Wed Feb 08 2017 17:05:41 GMT+0000 (UTC),
  gender: 0,
  dislike: 0,
  like: 29,
  explanation: 'Cheer Up!29',
  username: 'admin' }
{ image_path: '30.jpg',
  _id: 589b4fe52f37120b97616925,
  date: Wed Feb 08 2017 17:05:41 GMT+0000 (UTC),
  gender: 0,
  dislike: 0,
  like: 30,
  explanation: 'Cheer Up!30',
  username: 'admin' }
{ image_path: '31.jpg',
  _id: 589b4fe52f37120b97616926,
  date: Wed Feb 08 2017 17:05:41 GMT+0000 (UTC),
  gender: 0,
  dislike: 0,
  like: 31,
  explanation: 'Cheer Up!31',
  username: 'admin' }
{ image_path: '32.jpg',
  _id: 589b4fe52f37120b97616927,
  date: Wed Feb 08 2017 17:05:41 GMT+0000 (UTC),
  gender: 0,
  dislike: 0,
  like: 32,
  explanation: 'Cheer Up!32',
  username: 'admin' }
{ image_path: '33.jpg',
  _id: 589b4fe52f37120b97616928,
  date: Wed Feb 08 2017 17:05:41 GMT+0000 (UTC),
  gender: 0,
  dislike: 0,
  like: 33,
  explanation: 'Cheer Up!33',
  username: 'admin' }
{ image_path: '34.jpg',
  _id: 589b4fe52f37120b97616929,
  date: Wed Feb 08 2017 17:05:41 GMT+0000 (UTC),
  gender: 1,
  dislike: 0,
  like: 34,
  explanation: 'Cheer Up!34',
  username: 'admin' }
{ image_path: '35.jpg',
  _id: 589b4fe52f37120b9761692a,
  date: Wed Feb 08 2017 17:05:41 GMT+0000 (UTC),
  gender: 1,
  dislike: 0,
  like: 35,
  explanation: 'Cheer Up!35',
  username: 'admin' }
{ image_path: '36.jpg',
  _id: 589b4fe52f37120b9761692b,
  date: Wed Feb 08 2017 17:05:41 GMT+0000 (UTC),
  gender: 1,
  dislike: 0,
  like: 36,
  explanation: 'Cheer Up!36',
  username: 'admin' }
{ image_path: '37.jpg',
  _id: 589b4fe52f37120b9761692c,
  date: Wed Feb 08 2017 17:05:41 GMT+0000 (UTC),
  gender: 1,
  dislike: 0,
  like: 37,
  explanation: 'Cheer Up!37',
  username: 'admin' }
{ image_path: '38.jpg',
  _id: 589b4fe52f37120b9761692d,
  date: Wed Feb 08 2017 17:05:41 GMT+0000 (UTC),
  gender: 1,
  dislike: 0,
  like: 38,
  explanation: 'Cheer Up!38',
  username: 'admin' }
{ image_path: '39.jpg',
  _id: 589b4fe52f37120b9761692e,
  date: Wed Feb 08 2017 17:05:41 GMT+0000 (UTC),
  gender: 1,
  dislike: 0,
  like: 39,
  explanation: 'Cheer Up!39',
  username: 'admin' }
{ image_path: '40.jpg',
  _id: 589b4fe52f37120b9761692f,
  date: Wed Feb 08 2017 17:05:41 GMT+0000 (UTC),
  gender: 1,
  dislike: 0,
  like: 40,
  explanation: 'Cheer Up!40',
  username: 'admin' }
